    1  mkdir Assignment3
    2  cd Assignment
    3  cd Assignment3
    4  ls
    5  wget https://raw.githubusercontent.com/khanchandaniashish/CS131/main/awksp24/last.fake
    6  wget https://raw.githubusercontent.com/khanchandaniashish/CS131/main/awksp24/passwd.fake
    7  wget https://raw.githubusercontent.com/khanchandaniashish/CS131/main/awksp24/ps.fake
    8  ls
    9  man last
   10  last
   11  head last.fake 
   12  last last.fake 
   13  tail last.fake 
   14  tail -f last.fake 
   15  last -f last.fake

Task 1: 
   16  cat last.fake | grep sp24
   17  awk 'END { print NR }' last.fake
   18  awk 'END { print NR }' last.fake >> Assignment3.txt
   19  cat last.fake | grep sp24 > lastsp24.fake
   20  ls
   21  awk 'END { print NR }' lastsp24.fake
   22  awk 'END { print NR }' lastsp24.fake >> Assignment3.txt

Task 2:
   23  cat lastsp24.fake | grep Sun | awk { print $1 }
   24  cat lastsp24.fake | grep Sun | awk 'print $1'
   25  cat lastsp24.fake | grep Sun | awk '{ print $1 }'
   26  cat lastsp24.fake | grep Sun | awk '{ print $1 }' | uniq
   27  cat lastsp24.fake | grep Sun | awk '{ print $1 }' | uniq >> Assignment3.txt 
   28  cat lastsp24.fake | grep Sun | awk '{ print $1 }' | sort | uniq
   29  cat lastsp24.fake | grep Sun | awk '{ print $1 }' | sort | uniq >> Assignment3.txt 
   30  cat lastsp24.fake | grep Sun | awk 'BEGIN { print "The list of people who worked on Sunday are:"} (print $1) END { print "Kudos to these people for putting in the work" }' | sort | uniq >> Assignment3.txt 
   31* cat lastsp24.fake | grep Sun | awk 'BEGIN { print "The list of people who worked on Sunday are:"} {print $1} END { print "Kudos to these people for putting in the work" }' | sort | uniq
   32* cat lastsp24.fake | grep Sun | awk 'BEGIN { print "The list of people who worked on Sunday are:"} {print $1} END { print "Kudos to these people for putting in the work" }' |
   33  cat lastsp24.fake | grep Sun | awk '{ print $1 }' | sort | uniq | awk 'BEGIN { print "The list of people who worked on Sunday are:"} {print $1} END { print "Kudos to these people for putting in the work" }'
   34* cat lastsp24.fake | grep Sun | awk '{ print $1 }' | sort | uniq | awk 'BEGIN { print "The list of people who worked on Sunday are:"} {print $1} END { print "Kudo
   
Task 3:
   35  cat lastsp24.fake | grep Sun | awk '{ print $7 }'
   36  cat lastsp24.fake | awk '{ print $7 }'
   37  man last
   38  head /var/log/wtmp
   39  last
   40  vi last.fake 
   41  ls
   42  last
   43* sed '/[0-9]{2}:[0-9]{2}]/p'
   44  sed '/[0-9]{2}:[0-9]{2}]/p' last.fake
   45  sed -n '/[0-9]{2}:[0-9]{2}]/p' last.fake
   46  man sed
   47  sed '/[0-9]{2}:[0-9]{2}]/\1/p' last.fake
   48  sed 's/[0-9]{2}:[0-9]{2}]/\1/p' last.fake
   49  sed 's/[0-9]{2}:[0-9]{2}]/\1/gp' last.fake
   50  awk '{ for(i=1; i<=NF; i++) if ($i ~ ^[0-9]{2}:[0-9]{2}$) { print $i; next}}' lastsp24.fake 
   51  awk '{ for(i=1; i<=NF; i++) if ($i ~ /^[0-9]{2}:[0-9]{2}$/) { print $i; next}}' lastsp24.fake 
   52  awk '{ for(i=1; i<=NF; i++) if ($i ~ /^[0-9]{2}:[0-9]{2}$/) { print $i; next}}' lastsp24.fake | wc
   53  awk '{ for(i=1; i<=NF; i++) if ($i ~ /^[0-9]{2}:[0-9]{2}$/ || ($i >= 23:00 && $i <= 04:00)) { print $i; next}}' lastsp24.fake | wc
   54  awk '{ for(i=1; i<=NF; i++) if ($i ~ /^[0-9]{2}:[0-9]{2}$/ || ($i >= "23:00" && $i <= "04:00")) { print $i; next}}' lastsp24.fake
   55  time
   56  man  datetime
   57  man datetime
   58  man date
   59  awk '{ for(i=1; i<=NF; i++) if ($i ~ /^[0-9]{2}:[0-9]{2}$/ && ($i >= "23:00" || $i <= "04:00")) { print $i; next}}' lastsp24.fake | wc
   60  awk '{ for(i=1; i<=NF; i++) if ($i ~ /^[0-9]{2}:[0-9]{2}$/ && ($i >= "23:00" || $i <= "04:00")) { print $i; next}}' lastsp24.fak
   61  awk '{ for(i=1; i<=NF; i++) if ($i ~ /^[0-9]{2}:[0-9]{2}$/ && ($i >= "23:00" || $i <= "04:00")) { print $i; next}}' lastsp24.fake
   62  awk '{ for(i=1; i<=NF; i++) if ($i ~ /^[0-9]{2}:[0-9]{2}$/ && ($i >= "23:00" || $i <= "04:00")) { print $1, $i; next}}' lastsp24.fake
   63  awk '{ for(i=1; i<=NF; i++) if ($i ~ /^[0-9]{2}:[0-9]{2}$/ && ($i >= "23:00" || $i <= "04:00")) { print $1; next}}' lastsp24.fake | sort | uniq
   64  awk '{ for(i=1; i<=NF; i++) if ($i ~ /^[0-9]{2}:[0-9]{2}$/ && ($i >= "23:00" || $i <= "04:00")) { print $1; next}}' lastsp24.fake | sort | uniq | awk 'BEGIN { print "Night Owls List:"} {print $1} END { print "Night Owls are dope. Please ensure you get enough sleep though."}'
   65  awk '{ for(i=1; i<=NF; i++) if ($i ~ /^[0-9]{2}:[0-9]{2}$/ && ($i >= "23:00" || $i <= "04:00")) { print $1; next}}' lastsp24.fake | sort | uniq | awk 'BEGIN { print "Night Owls List:"} {print $1} END { print "Night Owls are dope. Please ensure you get enough sleep though."}' >> Assignment3.txt 
   
Task 4:
   66  awk '{ for(i=1; i<=NF; i++) if ($i ~ /^[0-9]{2}:[0-9]{2}$/ && ($i >= "05:00" || $i <= "09:00")) { print $1, $i; next}}' lastsp24.fake
   67* awk '{ for(i=1; i<=NF; i++) if ($i ~ /^[0-9]{2}:[0-9]{2}$/ && ($i >= "05:00" && $i <= "09:00")) { print $1; next}}' lastsp24.fake
   68  awk '{ for(i=1; i<=NF; i++) if ($i ~ /^[0-9]{2}:[0-9]{2}$/ && ($i >= "05:00" && $i <= "09:00")) { print $1; next}}' lastsp24.fake | sort | uniq | awk 'BEGIN { print "Early Birds List:"} {print $1} END { print "Early Birds are dope. Please ensure you get enough sleep though."}'
   69  awk '{ for(i=1; i<=NF; i++) if ($i ~ /^[0-9]{2}:[0-9]{2}$/ && ($i >= "05:00" && $i <= "09:00")) { print $1; next}}' lastsp24.fake | sort | uniq | awk 'BEGIN { print "Early Birds List:"} {print $1} END { print "Early Birds are dope. Please ensure you get enough sleep though."}' >> Assignment3.txt 
   
Task 5:
   70  sed '/^t.*/p' lastsp24.fake 
   71* sed '/^t.*/p' lastsp24.fake 
   72  awk 'if($1 ~ /^t.*/) print $1' lastsp24.fake 
   73  awk '{ if($1 ~ /^t.*/) print $1 }' lastsp24.fake 
   74  awk '{ if($1 ~ /^t.*/) print $1 }' lastsp24.fake | sort | uniq
   75  echo 'awk '{ if($1 ~ /^t.*/) print $1 }' lastsp24.fake | sort | uniq' >> Assignment3.txt 
   76  echo "awk '{ if($1 ~ /^t.*/) print $1 }' lastsp24.fake | sort | uniq" >> Assignment3.txt 
   77  awk '{ if($1 ~ /^t.*/) print $1 }' lastsp24.fake | sort | uniq >> Assignment3.txt 
   
Task 6:
   78  head passwd.fake 
   79  awk -F: '{if ($1 ~ /^a.*/ && $3 % 2 == 0) print $1}' passwd.fake 
   80* awk -F: '{if ($1 ~ /^a.*/ && $3 % 2 == 0) print $1, $3}' passwd.fake >>
   81  echo "awk -F: '{if ($1 ~ /^a.*/ && $3 % 2 == 0) print $1, $3}' passwd.fake" >> Assignment3.txt 
   82  echo "awk -F: '{if ($1 ~ /^a.*/ && $3 % 2 == 0) print $1}' passwd.fake" >> Assignment3.txt 
   83  awk -F: '{if ($1 ~ /^a.*/ && $3 % 2 == 0) print $1}' passwd.fake >> Assignment3.txt 
   
Task 7:
   84  sed 's/[a-zA-Z0-9 ]//g' passwd.fake 
   85  sed 's/[a-zA-Z0-9\ ]//g' passwd.fake 
   86  sed 's/[a-zA-Z0-9\ ]//g'
   87  sed 's/[a-zA-Z0-9 ]//g'
   88  sed 's/[a-zA-Z0-9 ]//g' | sort -u
   89  sed 's/[a-zA-Z0-9 ]//g' passwd.fake | sort -u
   90  echo "sed 's/[a-zA-Z0-9 ]//g' passwd.fake | sort -u" >> Assignment3.txt 
   91  sed 's/[a-zA-Z0-9 ]//g' passwd.fake | sort -u >> Assignment3.txt 
   92  ls
   93  history > cmds.log
